Determining if the pthread_create exist failed with the following output:
Change Dir: /home/a5093235/work_hoge/pytorch_work/custom_op/example-app/build/CMakeFiles/CMakeTmp

Run Build Command:"/usr/bin/make" "cmTC_a737d/fast"
/usr/bin/make -f CMakeFiles/cmTC_a737d.dir/build.make CMakeFiles/cmTC_a737d.dir/build
make[1]: Entering directory '/home/a5093235/work_hoge/pytorch_work/custom_op/example-app/build/CMakeFiles/CMakeTmp'
Building C object CMakeFiles/cmTC_a737d.dir/CheckSymbolExists.c.o
/usr/bin/cc    -o CMakeFiles/cmTC_a737d.dir/CheckSymbolExists.c.o   -c /home/a5093235/work_hoge/pytorch_work/custom_op/example-app/build/CMakeFiles/CMakeTmp/CheckSymbolExists.c
Linking C executable cmTC_a737d
/usr/local/lib/python3.6/dist-packages/cmake/data/bin/cmake -E cmake_link_script CMakeFiles/cmTC_a737d.dir/link.txt --verbose=1
/usr/bin/cc      -rdynamic CMakeFiles/cmTC_a737d.dir/CheckSymbolExists.c.o  -o cmTC_a737d 
CMakeFiles/cmTC_a737d.dir/CheckSymbolExists.c.o: In function `main':
CheckSymbolExists.c:(.text+0x1b): undefined reference to `pthread_create'
collect2: error: ld returned 1 exit status
CMakeFiles/cmTC_a737d.dir/build.make:86: recipe for target 'cmTC_a737d' failed
make[1]: *** [cmTC_a737d] Error 1
make[1]: Leaving directory '/home/a5093235/work_hoge/pytorch_work/custom_op/example-app/build/CMakeFiles/CMakeTmp'
Makefile:121: recipe for target 'cmTC_a737d/fast' failed
make: *** [cmTC_a737d/fast] Error 2

File /home/a5093235/work_hoge/pytorch_work/custom_op/example-app/build/CMakeFiles/CMakeTmp/CheckSymbolExists.c:
/* */
#include <pthread.h>

int main(int argc, char** argv)
{
  (void)argv;
#ifndef pthread_create
  return ((int*)(&pthread_create))[argc];
#else
  (void)argc;
  return 0;
#endif
}

Determining if the function pthread_create exists in the pthreads failed with the following output:
Change Dir: /home/a5093235/work_hoge/pytorch_work/custom_op/example-app/build/CMakeFiles/CMakeTmp

Run Build Command:"/usr/bin/make" "cmTC_bbb6a/fast"
/usr/bin/make -f CMakeFiles/cmTC_bbb6a.dir/build.make CMakeFiles/cmTC_bbb6a.dir/build
make[1]: Entering directory '/home/a5093235/work_hoge/pytorch_work/custom_op/example-app/build/CMakeFiles/CMakeTmp'
Building C object CMakeFiles/cmTC_bbb6a.dir/CheckFunctionExists.c.o
/usr/bin/cc   -DCHECK_FUNCTION_EXISTS=pthread_create   -o CMakeFiles/cmTC_bbb6a.dir/CheckFunctionExists.c.o   -c /usr/local/lib/python3.6/dist-packages/cmake/data/share/cmake-3.13/Modules/CheckFunctionExists.c
Linking C executable cmTC_bbb6a
/usr/local/lib/python3.6/dist-packages/cmake/data/bin/cmake -E cmake_link_script CMakeFiles/cmTC_bbb6a.dir/link.txt --verbose=1
/usr/bin/cc  -DCHECK_FUNCTION_EXISTS=pthread_create    -rdynamic CMakeFiles/cmTC_bbb6a.dir/CheckFunctionExists.c.o  -o cmTC_bbb6a -lpthreads 
/usr/bin/ld: cannot find -lpthreads
collect2: error: ld returned 1 exit status
CMakeFiles/cmTC_bbb6a.dir/build.make:86: recipe for target 'cmTC_bbb6a' failed
make[1]: *** [cmTC_bbb6a] Error 1
make[1]: Leaving directory '/home/a5093235/work_hoge/pytorch_work/custom_op/example-app/build/CMakeFiles/CMakeTmp'
Makefile:121: recipe for target 'cmTC_bbb6a/fast' failed
make: *** [cmTC_bbb6a/fast] Error 2


